

============================== 2022-07-04 20:12:20.054168 | ef5345cf-e684-434a-beed-c66f0b6fd8b9 ==============================
20:12:20.054168 [info ] [MainThread]: Running with dbt=1.1.1
20:12:20.054168 [debug] [MainThread]: running dbt with arguments {'write_json': True, 'use_colors': True, 'printer_width': 80, 'version_check': True, 'partial_parse': True, 'static_parser': True, 'profiles_dir': 'C:\\Users\\Matt\\.dbt', 'send_anonymous_usage_stats': True, 'event_buffer_size': 100000, 'quiet': False, 'no_print': False, 'config_dir': False, 'which': 'debug', 'indirect_selection': 'eager'}
20:12:20.055168 [debug] [MainThread]: Tracking: tracking
20:12:20.064168 [debug] [MainThread]: Sending event: {'category': 'dbt', 'action': 'invocation', 'label': 'start', 'context': [<snowplow_tracker.self_describing_json.SelfDescribingJson object at 0x0000015C02EA5540>, <snowplow_tracker.self_describing_json.SelfDescribingJson object at 0x0000015C031F2860>, <snowplow_tracker.self_describing_json.SelfDescribingJson object at 0x0000015C031F2FE0>]}
20:12:20.112170 [debug] [MainThread]: Executing "git --help"
20:12:20.140168 [debug] [MainThread]: STDOUT: "b"usage: git [--version] [--help] [-C <path>] [-c <name>=<value>]\n           [--exec-path[=<path>]] [--html-path] [--man-path] [--info-path]\n           [-p | --paginate | -P | --no-pager] [--no-replace-objects] [--bare]\n           [--git-dir=<path>] [--work-tree=<path>] [--namespace=<name>]\n           [--super-prefix=<path>] [--config-env=<name>=<envvar>]\n           <command> [<args>]\n\nThese are common Git commands used in various situations:\n\nstart a working area (see also: git help tutorial)\n   clone     Clone a repository into a new directory\n   init      Create an empty Git repository or reinitialize an existing one\n\nwork on the current change (see also: git help everyday)\n   add       Add file contents to the index\n   mv        Move or rename a file, a directory, or a symlink\n   restore   Restore working tree files\n   rm        Remove files from the working tree and from the index\n\nexamine the history and state (see also: git help revisions)\n   bisect    Use binary search to find the commit that introduced a bug\n   diff      Show changes between commits, commit and working tree, etc\n   grep      Print lines matching a pattern\n   log       Show commit logs\n   show      Show various types of objects\n   status    Show the working tree status\n\ngrow, mark and tweak your common history\n   branch    List, create, or delete branches\n   commit    Record changes to the repository\n   merge     Join two or more development histories together\n   rebase    Reapply commits on top of another base tip\n   reset     Reset current HEAD to the specified state\n   switch    Switch branches\n   tag       Create, list, delete or verify a tag object signed with GPG\n\ncollaborate (see also: git help workflows)\n   fetch     Download objects and refs from another repository\n   pull      Fetch from and integrate with another repository or a local branch\n   push      Update remote refs along with associated objects\n\n'git help -a' and 'git help -g' list available subcommands and some\nconcept guides. See 'git help <command>' or 'git help <concept>'\nto read about a specific subcommand or concept.\nSee 'git help git' for an overview of the system.\n""
20:12:20.140168 [debug] [MainThread]: STDERR: "b''"
20:12:20.143168 [debug] [MainThread]: Acquiring new postgres connection "debug"
20:12:20.143168 [debug] [MainThread]: Using postgres connection "debug"
20:12:20.143168 [debug] [MainThread]: On debug: select 1 as id
20:12:20.143168 [debug] [MainThread]: Opening a new connection, currently in state init
20:12:20.751181 [debug] [MainThread]: SQL status: SELECT 1 in 0.61 seconds
20:12:20.752181 [debug] [MainThread]: On debug: Close
20:12:20.753181 [debug] [MainThread]: Sending event: {'category': 'dbt', 'action': 'invocation', 'label': 'end', 'context': [<snowplow_tracker.self_describing_json.SelfDescribingJson object at 0x0000015C032F2E00>, <snowplow_tracker.self_describing_json.SelfDescribingJson object at 0x0000015C032C2B30>, <snowplow_tracker.self_describing_json.SelfDescribingJson object at 0x0000015C032C0460>]}
20:12:21.049247 [debug] [MainThread]: Connection 'debug' was properly closed.


============================== 2022-07-04 20:13:05.917877 | fafada20-6d4a-4a64-85f3-5b771e3b62e9 ==============================
20:13:05.917877 [info ] [MainThread]: Running with dbt=1.1.1
20:13:05.917877 [debug] [MainThread]: running dbt with arguments {'write_json': True, 'use_colors': True, 'printer_width': 80, 'version_check': True, 'partial_parse': True, 'static_parser': True, 'profiles_dir': 'C:\\Users\\Matt\\.dbt', 'send_anonymous_usage_stats': True, 'event_buffer_size': 100000, 'quiet': False, 'no_print': False, 'which': 'run', 'rpc_method': 'run', 'indirect_selection': 'eager'}
20:13:05.917877 [debug] [MainThread]: Tracking: tracking
20:13:05.926874 [debug] [MainThread]: Sending event: {'category': 'dbt', 'action': 'invocation', 'label': 'start', 'context': [<snowplow_tracker.self_describing_json.SelfDescribingJson object at 0x000001CEF4DB1030>, <snowplow_tracker.self_describing_json.SelfDescribingJson object at 0x000001CEF4DAEFE0>, <snowplow_tracker.self_describing_json.SelfDescribingJson object at 0x000001CEF4DAF250>]}
20:13:05.938875 [info ] [MainThread]: Partial parse save file not found. Starting full parse.
20:13:05.938875 [debug] [MainThread]: Sending event: {'category': 'dbt', 'action': 'partial_parser', 'label': 'fafada20-6d4a-4a64-85f3-5b771e3b62e9', 'context': [<snowplow_tracker.self_describing_json.SelfDescribingJson object at 0x000001CEF4DF8430>]}
20:13:06.090874 [debug] [MainThread]: Parsing macros\adapters.sql
20:13:06.116899 [debug] [MainThread]: Parsing macros\catalog.sql
20:13:06.118897 [debug] [MainThread]: Parsing macros\relations.sql
20:13:06.119898 [debug] [MainThread]: Parsing macros\materializations\snapshot_merge.sql
20:13:06.120898 [debug] [MainThread]: Parsing macros\adapters\columns.sql
20:13:06.126897 [debug] [MainThread]: Parsing macros\adapters\freshness.sql
20:13:06.128897 [debug] [MainThread]: Parsing macros\adapters\indexes.sql
20:13:06.130897 [debug] [MainThread]: Parsing macros\adapters\metadata.sql
20:13:06.134897 [debug] [MainThread]: Parsing macros\adapters\persist_docs.sql
20:13:06.137902 [debug] [MainThread]: Parsing macros\adapters\relation.sql
20:13:06.143899 [debug] [MainThread]: Parsing macros\adapters\schema.sql
20:13:06.144901 [debug] [MainThread]: Parsing macros\etc\datetime.sql
20:13:06.149900 [debug] [MainThread]: Parsing macros\etc\statement.sql
20:13:06.152899 [debug] [MainThread]: Parsing macros\generic_test_sql\accepted_values.sql
20:13:06.153900 [debug] [MainThread]: Parsing macros\generic_test_sql\not_null.sql
20:13:06.154899 [debug] [MainThread]: Parsing macros\generic_test_sql\relationships.sql
20:13:06.155898 [debug] [MainThread]: Parsing macros\generic_test_sql\unique.sql
20:13:06.155898 [debug] [MainThread]: Parsing macros\get_custom_name\get_custom_alias.sql
20:13:06.156898 [debug] [MainThread]: Parsing macros\get_custom_name\get_custom_database.sql
20:13:06.157897 [debug] [MainThread]: Parsing macros\get_custom_name\get_custom_schema.sql
20:13:06.159897 [debug] [MainThread]: Parsing macros\materializations\configs.sql
20:13:06.160897 [debug] [MainThread]: Parsing macros\materializations\hooks.sql
20:13:06.163897 [debug] [MainThread]: Parsing macros\materializations\models\incremental\column_helpers.sql
20:13:06.166897 [debug] [MainThread]: Parsing macros\materializations\models\incremental\incremental.sql
20:13:06.172897 [debug] [MainThread]: Parsing macros\materializations\models\incremental\is_incremental.sql
20:13:06.173902 [debug] [MainThread]: Parsing macros\materializations\models\incremental\merge.sql
20:13:06.183899 [debug] [MainThread]: Parsing macros\materializations\models\incremental\on_schema_change.sql
20:13:06.192899 [debug] [MainThread]: Parsing macros\materializations\models\table\create_table_as.sql
20:13:06.194900 [debug] [MainThread]: Parsing macros\materializations\models\table\table.sql
20:13:06.198899 [debug] [MainThread]: Parsing macros\materializations\models\view\create_or_replace_view.sql
20:13:06.200900 [debug] [MainThread]: Parsing macros\materializations\models\view\create_view_as.sql
20:13:06.201901 [debug] [MainThread]: Parsing macros\materializations\models\view\helpers.sql
20:13:06.202899 [debug] [MainThread]: Parsing macros\materializations\models\view\view.sql
20:13:06.207897 [debug] [MainThread]: Parsing macros\materializations\seeds\helpers.sql
20:13:06.217899 [debug] [MainThread]: Parsing macros\materializations\seeds\seed.sql
20:13:06.221899 [debug] [MainThread]: Parsing macros\materializations\snapshots\helpers.sql
20:13:06.228899 [debug] [MainThread]: Parsing macros\materializations\snapshots\snapshot.sql
20:13:06.234899 [debug] [MainThread]: Parsing macros\materializations\snapshots\snapshot_merge.sql
20:13:06.235900 [debug] [MainThread]: Parsing macros\materializations\snapshots\strategies.sql
20:13:06.245899 [debug] [MainThread]: Parsing macros\materializations\tests\helpers.sql
20:13:06.246901 [debug] [MainThread]: Parsing macros\materializations\tests\test.sql
20:13:06.249900 [debug] [MainThread]: Parsing macros\materializations\tests\where_subquery.sql
20:13:06.250901 [debug] [MainThread]: Parsing tests\generic\builtin.sql
20:13:06.355911 [debug] [MainThread]: 1699: static parser successfully parsed example\my_first_dbt_model.sql
20:13:06.363913 [debug] [MainThread]: 1699: static parser successfully parsed example\my_second_dbt_model.sql
20:13:06.391910 [debug] [MainThread]: Sending event: {'category': 'dbt', 'action': 'load_project', 'label': 'fafada20-6d4a-4a64-85f3-5b771e3b62e9', 'context': [<snowplow_tracker.self_describing_json.SelfDescribingJson object at 0x000001CEF4E1C8E0>]}
20:13:06.394911 [debug] [MainThread]: Sending event: {'category': 'dbt', 'action': 'resource_counts', 'label': 'fafada20-6d4a-4a64-85f3-5b771e3b62e9', 'context': [<snowplow_tracker.self_describing_json.SelfDescribingJson object at 0x000001CEF4E7BC10>]}
20:13:06.395910 [info ] [MainThread]: Found 2 models, 4 tests, 0 snapshots, 0 analyses, 167 macros, 0 operations, 0 seed files, 0 sources, 0 exposures, 0 metrics
20:13:06.395910 [debug] [MainThread]: Sending event: {'category': 'dbt', 'action': 'runnable_timing', 'label': 'fafada20-6d4a-4a64-85f3-5b771e3b62e9', 'context': [<snowplow_tracker.self_describing_json.SelfDescribingJson object at 0x000001CEF4DCC220>]}
20:13:06.396910 [info ] [MainThread]: 
20:13:06.397911 [debug] [MainThread]: Acquiring new postgres connection "master"
20:13:06.397911 [debug] [ThreadPool]: Acquiring new postgres connection "list_portfolio_website"
20:13:06.404910 [debug] [ThreadPool]: Using postgres connection "list_portfolio_website"
20:13:06.404910 [debug] [ThreadPool]: On list_portfolio_website: /* {"app": "dbt", "dbt_version": "1.1.1", "profile_name": "satellite_tracker", "target_name": "dev", "connection_name": "list_portfolio_website"} */

    select distinct nspname from pg_namespace
  
20:13:06.404910 [debug] [ThreadPool]: Opening a new connection, currently in state init
20:13:07.000673 [debug] [ThreadPool]: SQL status: SELECT 5 in 0.6 seconds
20:13:07.001673 [debug] [ThreadPool]: On list_portfolio_website: Close
20:13:07.002675 [debug] [ThreadPool]: Acquiring new postgres connection "list_portfolio_website_raw"
20:13:07.005673 [debug] [ThreadPool]: Using postgres connection "list_portfolio_website_raw"
20:13:07.006673 [debug] [ThreadPool]: On list_portfolio_website_raw: BEGIN
20:13:07.006673 [debug] [ThreadPool]: Opening a new connection, currently in state init
20:13:07.587473 [debug] [ThreadPool]: SQL status: BEGIN in 0.58 seconds
20:13:07.587473 [debug] [ThreadPool]: Using postgres connection "list_portfolio_website_raw"
20:13:07.587473 [debug] [ThreadPool]: On list_portfolio_website_raw: /* {"app": "dbt", "dbt_version": "1.1.1", "profile_name": "satellite_tracker", "target_name": "dev", "connection_name": "list_portfolio_website_raw"} */
select
      'portfolio_website' as database,
      tablename as name,
      schemaname as schema,
      'table' as type
    from pg_tables
    where schemaname ilike 'raw'
    union all
    select
      'portfolio_website' as database,
      viewname as name,
      schemaname as schema,
      'view' as type
    from pg_views
    where schemaname ilike 'raw'
  
20:13:07.661542 [debug] [ThreadPool]: SQL status: SELECT 3 in 0.07 seconds
20:13:07.662542 [debug] [ThreadPool]: On list_portfolio_website_raw: ROLLBACK
20:13:07.733454 [debug] [ThreadPool]: On list_portfolio_website_raw: Close
20:13:07.736423 [debug] [MainThread]: Using postgres connection "master"
20:13:07.736423 [debug] [MainThread]: On master: BEGIN
20:13:07.736423 [debug] [MainThread]: Opening a new connection, currently in state init
20:13:08.338802 [debug] [MainThread]: SQL status: BEGIN in 0.6 seconds
20:13:08.339803 [debug] [MainThread]: Using postgres connection "master"
20:13:08.339803 [debug] [MainThread]: On master: /* {"app": "dbt", "dbt_version": "1.1.1", "profile_name": "satellite_tracker", "target_name": "dev", "connection_name": "master"} */
with relation as (
        select
            pg_rewrite.ev_class as class,
            pg_rewrite.oid as id
        from pg_rewrite
    ),
    class as (
        select
            oid as id,
            relname as name,
            relnamespace as schema,
            relkind as kind
        from pg_class
    ),
    dependency as (
        select distinct
            pg_depend.objid as id,
            pg_depend.refobjid as ref
        from pg_depend
    ),
    schema as (
        select
            pg_namespace.oid as id,
            pg_namespace.nspname as name
        from pg_namespace
        where nspname != 'information_schema' and nspname not like 'pg\_%'
    ),
    referenced as (
        select
            relation.id AS id,
            referenced_class.name ,
            referenced_class.schema ,
            referenced_class.kind
        from relation
        join class as referenced_class on relation.class=referenced_class.id
        where referenced_class.kind in ('r', 'v')
    ),
    relationships as (
        select
            referenced.name as referenced_name,
            referenced.schema as referenced_schema_id,
            dependent_class.name as dependent_name,
            dependent_class.schema as dependent_schema_id,
            referenced.kind as kind
        from referenced
        join dependency on referenced.id=dependency.id
        join class as dependent_class on dependency.ref=dependent_class.id
        where
            (referenced.name != dependent_class.name or
             referenced.schema != dependent_class.schema)
    )

    select
        referenced_schema.name as referenced_schema,
        relationships.referenced_name as referenced_name,
        dependent_schema.name as dependent_schema,
        relationships.dependent_name as dependent_name
    from relationships
    join schema as dependent_schema on relationships.dependent_schema_id=dependent_schema.id
    join schema as referenced_schema on relationships.referenced_schema_id=referenced_schema.id
    group by referenced_schema, referenced_name, dependent_schema, dependent_name
    order by referenced_schema, referenced_name, dependent_schema, dependent_name;
20:13:08.417228 [debug] [MainThread]: SQL status: SELECT 0 in 0.08 seconds
20:13:08.418228 [debug] [MainThread]: Sending event: {'category': 'dbt', 'action': 'runnable_timing', 'label': 'fafada20-6d4a-4a64-85f3-5b771e3b62e9', 'context': [<snowplow_tracker.self_describing_json.SelfDescribingJson object at 0x000001CEF4EE73A0>]}
20:13:08.419229 [debug] [MainThread]: On master: ROLLBACK
20:13:08.489460 [debug] [MainThread]: Using postgres connection "master"
20:13:08.489460 [debug] [MainThread]: On master: BEGIN
20:13:08.631323 [debug] [MainThread]: SQL status: BEGIN in 0.14 seconds
20:13:08.632323 [debug] [MainThread]: On master: COMMIT
20:13:08.632323 [debug] [MainThread]: Using postgres connection "master"
20:13:08.632323 [debug] [MainThread]: On master: COMMIT
20:13:08.703037 [debug] [MainThread]: SQL status: COMMIT in 0.07 seconds
20:13:08.704037 [debug] [MainThread]: On master: Close
20:13:08.704037 [info ] [MainThread]: Concurrency: 5 threads (target='dev')
20:13:08.705037 [info ] [MainThread]: 
20:13:08.741921 [debug] [Thread-1 (]: Began running node model.satellite_tracker.my_first_dbt_model
20:13:08.741921 [info ] [Thread-1 (]: 1 of 2 START table model raw.my_first_dbt_model ................................ [RUN]
20:13:08.742921 [debug] [Thread-1 (]: Acquiring new postgres connection "model.satellite_tracker.my_first_dbt_model"
20:13:08.742921 [debug] [Thread-1 (]: Began compiling node model.satellite_tracker.my_first_dbt_model
20:13:08.742921 [debug] [Thread-1 (]: Compiling model.satellite_tracker.my_first_dbt_model
20:13:08.744921 [debug] [Thread-1 (]: Writing injected SQL for node "model.satellite_tracker.my_first_dbt_model"
20:13:08.746923 [debug] [Thread-1 (]: finished collecting timing info
20:13:08.746923 [debug] [Thread-1 (]: Began executing node model.satellite_tracker.my_first_dbt_model
20:13:08.763921 [debug] [Thread-1 (]: Writing runtime SQL for node "model.satellite_tracker.my_first_dbt_model"
20:13:08.764921 [debug] [Thread-1 (]: Using postgres connection "model.satellite_tracker.my_first_dbt_model"
20:13:08.765921 [debug] [Thread-1 (]: On model.satellite_tracker.my_first_dbt_model: BEGIN
20:13:08.765921 [debug] [Thread-1 (]: Opening a new connection, currently in state init
20:13:09.352371 [debug] [Thread-1 (]: SQL status: BEGIN in 0.59 seconds
20:13:09.353373 [debug] [Thread-1 (]: Using postgres connection "model.satellite_tracker.my_first_dbt_model"
20:13:09.353373 [debug] [Thread-1 (]: On model.satellite_tracker.my_first_dbt_model: /* {"app": "dbt", "dbt_version": "1.1.1", "profile_name": "satellite_tracker", "target_name": "dev", "node_id": "model.satellite_tracker.my_first_dbt_model"} */


  create  table "portfolio_website"."raw"."my_first_dbt_model__dbt_tmp"
  as (
    /*
    Welcome to your first dbt model!
    Did you know that you can also configure models directly within SQL files?
    This will override configurations stated in dbt_project.yml

    Try changing "table" to "view" below
*/



with source_data as (

    select 1 as id
    union all
    select null as id

)

select *
from source_data

/*
    Uncomment the line below to remove records with null `id` values
*/

-- where id is not null
  );
20:13:09.427050 [debug] [Thread-1 (]: Postgres adapter: Postgres error: permission denied for schema raw

20:13:09.427431 [debug] [Thread-1 (]: On model.satellite_tracker.my_first_dbt_model: ROLLBACK
20:13:09.500614 [debug] [Thread-1 (]: finished collecting timing info
20:13:09.500614 [debug] [Thread-1 (]: On model.satellite_tracker.my_first_dbt_model: Close
20:13:09.501615 [debug] [Thread-1 (]: Database Error in model my_first_dbt_model (models\example\my_first_dbt_model.sql)
  permission denied for schema raw
  compiled SQL at target\run\satellite_tracker\models\example\my_first_dbt_model.sql
20:13:09.501615 [debug] [Thread-1 (]: Sending event: {'category': 'dbt', 'action': 'run_model', 'label': 'fafada20-6d4a-4a64-85f3-5b771e3b62e9', 'context': [<snowplow_tracker.self_describing_json.SelfDescribingJson object at 0x000001CEF4FD66E0>]}
20:13:09.501615 [error] [Thread-1 (]: 1 of 2 ERROR creating table model raw.my_first_dbt_model ....................... [[31mERROR[0m in 0.76s]
20:13:09.502616 [debug] [Thread-1 (]: Finished running node model.satellite_tracker.my_first_dbt_model
20:13:09.503615 [debug] [Thread-3 (]: Began running node model.satellite_tracker.my_second_dbt_model
20:13:09.503615 [info ] [Thread-3 (]: 2 of 2 SKIP relation raw.my_second_dbt_model ................................... [[33mSKIP[0m]
20:13:09.503615 [debug] [Thread-3 (]: Finished running node model.satellite_tracker.my_second_dbt_model
20:13:09.504615 [debug] [MainThread]: Acquiring new postgres connection "master"
20:13:09.504615 [debug] [MainThread]: Using postgres connection "master"
20:13:09.505615 [debug] [MainThread]: On master: BEGIN
20:13:09.505615 [debug] [MainThread]: Opening a new connection, currently in state closed
20:13:10.106918 [debug] [MainThread]: SQL status: BEGIN in 0.6 seconds
20:13:10.106918 [debug] [MainThread]: On master: COMMIT
20:13:10.107919 [debug] [MainThread]: Using postgres connection "master"
20:13:10.107919 [debug] [MainThread]: On master: COMMIT
20:13:10.182538 [debug] [MainThread]: SQL status: COMMIT in 0.07 seconds
20:13:10.182538 [debug] [MainThread]: On master: Close
20:13:10.182538 [info ] [MainThread]: 
20:13:10.183550 [info ] [MainThread]: Finished running 1 table model, 1 view model in 3.78s.
20:13:10.183550 [debug] [MainThread]: Connection 'master' was properly closed.
20:13:10.184549 [debug] [MainThread]: Connection 'list_portfolio_website' was properly closed.
20:13:10.184549 [debug] [MainThread]: Connection 'list_portfolio_website_raw' was properly closed.
20:13:10.184549 [debug] [MainThread]: Connection 'model.satellite_tracker.my_first_dbt_model' was properly closed.
20:13:10.188549 [info ] [MainThread]: 
20:13:10.188549 [info ] [MainThread]: [31mCompleted with 1 error and 0 warnings:[0m
20:13:10.189549 [info ] [MainThread]: 
20:13:10.189549 [error] [MainThread]: [33mDatabase Error in model my_first_dbt_model (models\example\my_first_dbt_model.sql)[0m
20:13:10.190549 [error] [MainThread]:   permission denied for schema raw
20:13:10.190549 [error] [MainThread]:   compiled SQL at target\run\satellite_tracker\models\example\my_first_dbt_model.sql
20:13:10.191549 [info ] [MainThread]: 
20:13:10.191549 [info ] [MainThread]: Done. PASS=0 WARN=0 ERROR=1 SKIP=1 TOTAL=2
20:13:10.191549 [debug] [MainThread]: Sending event: {'category': 'dbt', 'action': 'invocation', 'label': 'end', 'context': [<snowplow_tracker.self_describing_json.SelfDescribingJson object at 0x000001CEF4DB1030>, <snowplow_tracker.self_describing_json.SelfDescribingJson object at 0x000001CEF4EBACB0>, <snowplow_tracker.self_describing_json.SelfDescribingJson object at 0x000001CEF4E2DA80>]}


============================== 2022-07-04 20:19:10.792410 | 90ef4588-8d4a-4f57-9aee-7118235f8c2c ==============================
20:19:10.792410 [info ] [MainThread]: Running with dbt=1.1.1
20:19:10.793410 [debug] [MainThread]: running dbt with arguments {'write_json': True, 'use_colors': True, 'printer_width': 80, 'version_check': True, 'partial_parse': True, 'static_parser': True, 'profiles_dir': 'C:\\Users\\Matt\\.dbt', 'send_anonymous_usage_stats': True, 'event_buffer_size': 100000, 'quiet': False, 'no_print': False, 'which': 'run', 'rpc_method': 'run', 'indirect_selection': 'eager'}
20:19:10.793410 [debug] [MainThread]: Tracking: tracking
20:19:10.801410 [debug] [MainThread]: Sending event: {'category': 'dbt', 'action': 'invocation', 'label': 'start', 'context': [<snowplow_tracker.self_describing_json.SelfDescribingJson object at 0x00000252FE261090>, <snowplow_tracker.self_describing_json.SelfDescribingJson object at 0x00000252FE25EFE0>, <snowplow_tracker.self_describing_json.SelfDescribingJson object at 0x00000252FE25F1F0>]}
20:19:10.835410 [debug] [MainThread]: Partial parsing enabled: 0 files deleted, 0 files added, 0 files changed.
20:19:10.835410 [debug] [MainThread]: Partial parsing enabled, no changes found, skipping parsing
20:19:10.840410 [debug] [MainThread]: Sending event: {'category': 'dbt', 'action': 'load_project', 'label': '90ef4588-8d4a-4f57-9aee-7118235f8c2c', 'context': [<snowplow_tracker.self_describing_json.SelfDescribingJson object at 0x00000252FE3740D0>]}
20:19:10.844410 [debug] [MainThread]: Sending event: {'category': 'dbt', 'action': 'resource_counts', 'label': '90ef4588-8d4a-4f57-9aee-7118235f8c2c', 'context': [<snowplow_tracker.self_describing_json.SelfDescribingJson object at 0x00000252FE33FD30>]}
20:19:10.844410 [info ] [MainThread]: Found 2 models, 4 tests, 0 snapshots, 0 analyses, 167 macros, 0 operations, 0 seed files, 0 sources, 0 exposures, 0 metrics
20:19:10.845410 [debug] [MainThread]: Sending event: {'category': 'dbt', 'action': 'runnable_timing', 'label': '90ef4588-8d4a-4f57-9aee-7118235f8c2c', 'context': [<snowplow_tracker.self_describing_json.SelfDescribingJson object at 0x00000252FE261090>]}
20:19:10.846411 [info ] [MainThread]: 
20:19:10.846411 [debug] [MainThread]: Acquiring new postgres connection "master"
20:19:10.847410 [debug] [ThreadPool]: Acquiring new postgres connection "list_portfolio_website"
20:19:10.853410 [debug] [ThreadPool]: Using postgres connection "list_portfolio_website"
20:19:10.853410 [debug] [ThreadPool]: On list_portfolio_website: /* {"app": "dbt", "dbt_version": "1.1.1", "profile_name": "satellite_tracker", "target_name": "dev", "connection_name": "list_portfolio_website"} */

    select distinct nspname from pg_namespace
  
20:19:10.853410 [debug] [ThreadPool]: Opening a new connection, currently in state init
20:19:11.453479 [debug] [ThreadPool]: SQL status: SELECT 5 in 0.6 seconds
20:19:11.454479 [debug] [ThreadPool]: On list_portfolio_website: Close
20:19:11.455479 [debug] [ThreadPool]: Acquiring new postgres connection "list_portfolio_website_raw"
20:19:11.459479 [debug] [ThreadPool]: Using postgres connection "list_portfolio_website_raw"
20:19:11.459479 [debug] [ThreadPool]: On list_portfolio_website_raw: BEGIN
20:19:11.459479 [debug] [ThreadPool]: Opening a new connection, currently in state init
20:19:12.058425 [debug] [ThreadPool]: SQL status: BEGIN in 0.6 seconds
20:19:12.058425 [debug] [ThreadPool]: Using postgres connection "list_portfolio_website_raw"
20:19:12.059423 [debug] [ThreadPool]: On list_portfolio_website_raw: /* {"app": "dbt", "dbt_version": "1.1.1", "profile_name": "satellite_tracker", "target_name": "dev", "connection_name": "list_portfolio_website_raw"} */
select
      'portfolio_website' as database,
      tablename as name,
      schemaname as schema,
      'table' as type
    from pg_tables
    where schemaname ilike 'raw'
    union all
    select
      'portfolio_website' as database,
      viewname as name,
      schemaname as schema,
      'view' as type
    from pg_views
    where schemaname ilike 'raw'
  
20:19:12.131995 [debug] [ThreadPool]: SQL status: SELECT 3 in 0.07 seconds
20:19:12.132993 [debug] [ThreadPool]: On list_portfolio_website_raw: ROLLBACK
20:19:12.204133 [debug] [ThreadPool]: On list_portfolio_website_raw: Close
20:19:12.207144 [debug] [MainThread]: Using postgres connection "master"
20:19:12.207144 [debug] [MainThread]: On master: BEGIN
20:19:12.207144 [debug] [MainThread]: Opening a new connection, currently in state init
20:19:12.784433 [debug] [MainThread]: SQL status: BEGIN in 0.58 seconds
20:19:12.784433 [debug] [MainThread]: Using postgres connection "master"
20:19:12.784433 [debug] [MainThread]: On master: /* {"app": "dbt", "dbt_version": "1.1.1", "profile_name": "satellite_tracker", "target_name": "dev", "connection_name": "master"} */
with relation as (
        select
            pg_rewrite.ev_class as class,
            pg_rewrite.oid as id
        from pg_rewrite
    ),
    class as (
        select
            oid as id,
            relname as name,
            relnamespace as schema,
            relkind as kind
        from pg_class
    ),
    dependency as (
        select distinct
            pg_depend.objid as id,
            pg_depend.refobjid as ref
        from pg_depend
    ),
    schema as (
        select
            pg_namespace.oid as id,
            pg_namespace.nspname as name
        from pg_namespace
        where nspname != 'information_schema' and nspname not like 'pg\_%'
    ),
    referenced as (
        select
            relation.id AS id,
            referenced_class.name ,
            referenced_class.schema ,
            referenced_class.kind
        from relation
        join class as referenced_class on relation.class=referenced_class.id
        where referenced_class.kind in ('r', 'v')
    ),
    relationships as (
        select
            referenced.name as referenced_name,
            referenced.schema as referenced_schema_id,
            dependent_class.name as dependent_name,
            dependent_class.schema as dependent_schema_id,
            referenced.kind as kind
        from referenced
        join dependency on referenced.id=dependency.id
        join class as dependent_class on dependency.ref=dependent_class.id
        where
            (referenced.name != dependent_class.name or
             referenced.schema != dependent_class.schema)
    )

    select
        referenced_schema.name as referenced_schema,
        relationships.referenced_name as referenced_name,
        dependent_schema.name as dependent_schema,
        relationships.dependent_name as dependent_name
    from relationships
    join schema as dependent_schema on relationships.dependent_schema_id=dependent_schema.id
    join schema as referenced_schema on relationships.referenced_schema_id=referenced_schema.id
    group by referenced_schema, referenced_name, dependent_schema, dependent_name
    order by referenced_schema, referenced_name, dependent_schema, dependent_name;
20:19:12.862267 [debug] [MainThread]: SQL status: SELECT 0 in 0.08 seconds
20:19:12.862267 [debug] [MainThread]: Sending event: {'category': 'dbt', 'action': 'runnable_timing', 'label': '90ef4588-8d4a-4f57-9aee-7118235f8c2c', 'context': [<snowplow_tracker.self_describing_json.SelfDescribingJson object at 0x00000252FE3D0A00>]}
20:19:12.863291 [debug] [MainThread]: On master: ROLLBACK
20:19:12.934230 [debug] [MainThread]: Using postgres connection "master"
20:19:12.934230 [debug] [MainThread]: On master: BEGIN
20:19:13.078273 [debug] [MainThread]: SQL status: BEGIN in 0.14 seconds
20:19:13.078273 [debug] [MainThread]: On master: COMMIT
20:19:13.078273 [debug] [MainThread]: Using postgres connection "master"
20:19:13.078273 [debug] [MainThread]: On master: COMMIT
20:19:13.148144 [debug] [MainThread]: SQL status: COMMIT in 0.07 seconds
20:19:13.148144 [debug] [MainThread]: On master: Close
20:19:13.149144 [info ] [MainThread]: Concurrency: 5 threads (target='dev')
20:19:13.149144 [info ] [MainThread]: 
20:19:13.153144 [debug] [Thread-1 (]: Began running node model.satellite_tracker.my_first_dbt_model
20:19:13.154145 [info ] [Thread-1 (]: 1 of 2 START table model raw.my_first_dbt_model ................................ [RUN]
20:19:13.154145 [debug] [Thread-1 (]: Acquiring new postgres connection "model.satellite_tracker.my_first_dbt_model"
20:19:13.154145 [debug] [Thread-1 (]: Began compiling node model.satellite_tracker.my_first_dbt_model
20:19:13.154145 [debug] [Thread-1 (]: Compiling model.satellite_tracker.my_first_dbt_model
20:19:13.156146 [debug] [Thread-1 (]: Writing injected SQL for node "model.satellite_tracker.my_first_dbt_model"
20:19:13.157145 [debug] [Thread-1 (]: finished collecting timing info
20:19:13.157145 [debug] [Thread-1 (]: Began executing node model.satellite_tracker.my_first_dbt_model
20:19:13.174145 [debug] [Thread-1 (]: Writing runtime SQL for node "model.satellite_tracker.my_first_dbt_model"
20:19:13.174145 [debug] [Thread-1 (]: Using postgres connection "model.satellite_tracker.my_first_dbt_model"
20:19:13.174145 [debug] [Thread-1 (]: On model.satellite_tracker.my_first_dbt_model: BEGIN
20:19:13.175144 [debug] [Thread-1 (]: Opening a new connection, currently in state init
20:19:13.768803 [debug] [Thread-1 (]: SQL status: BEGIN in 0.59 seconds
20:19:13.769804 [debug] [Thread-1 (]: Using postgres connection "model.satellite_tracker.my_first_dbt_model"
20:19:13.769804 [debug] [Thread-1 (]: On model.satellite_tracker.my_first_dbt_model: /* {"app": "dbt", "dbt_version": "1.1.1", "profile_name": "satellite_tracker", "target_name": "dev", "node_id": "model.satellite_tracker.my_first_dbt_model"} */


  create  table "portfolio_website"."raw"."my_first_dbt_model__dbt_tmp"
  as (
    /*
    Welcome to your first dbt model!
    Did you know that you can also configure models directly within SQL files?
    This will override configurations stated in dbt_project.yml

    Try changing "table" to "view" below
*/



with source_data as (

    select 1 as id
    union all
    select null as id

)

select *
from source_data

/*
    Uncomment the line below to remove records with null `id` values
*/

-- where id is not null
  );
20:19:13.842987 [debug] [Thread-1 (]: Postgres adapter: Postgres error: permission denied for schema raw

20:19:13.842987 [debug] [Thread-1 (]: On model.satellite_tracker.my_first_dbt_model: ROLLBACK
20:19:13.915959 [debug] [Thread-1 (]: finished collecting timing info
20:19:13.915959 [debug] [Thread-1 (]: On model.satellite_tracker.my_first_dbt_model: Close
20:19:13.915959 [debug] [Thread-1 (]: Database Error in model my_first_dbt_model (models\example\my_first_dbt_model.sql)
  permission denied for schema raw
  compiled SQL at target\run\satellite_tracker\models\example\my_first_dbt_model.sql
20:19:13.916960 [debug] [Thread-1 (]: Sending event: {'category': 'dbt', 'action': 'run_model', 'label': '90ef4588-8d4a-4f57-9aee-7118235f8c2c', 'context': [<snowplow_tracker.self_describing_json.SelfDescribingJson object at 0x00000252FE406DD0>]}
20:19:13.916960 [error] [Thread-1 (]: 1 of 2 ERROR creating table model raw.my_first_dbt_model ....................... [[31mERROR[0m in 0.76s]
20:19:13.917959 [debug] [Thread-1 (]: Finished running node model.satellite_tracker.my_first_dbt_model
20:19:13.917959 [debug] [Thread-3 (]: Began running node model.satellite_tracker.my_second_dbt_model
20:19:13.918959 [info ] [Thread-3 (]: 2 of 2 SKIP relation raw.my_second_dbt_model ................................... [[33mSKIP[0m]
20:19:13.918959 [debug] [Thread-3 (]: Finished running node model.satellite_tracker.my_second_dbt_model
20:19:13.919960 [debug] [MainThread]: Acquiring new postgres connection "master"
20:19:13.919960 [debug] [MainThread]: Using postgres connection "master"
20:19:13.920962 [debug] [MainThread]: On master: BEGIN
20:19:13.920962 [debug] [MainThread]: Opening a new connection, currently in state closed
20:19:14.498746 [debug] [MainThread]: SQL status: BEGIN in 0.58 seconds
20:19:14.499748 [debug] [MainThread]: On master: COMMIT
20:19:14.499748 [debug] [MainThread]: Using postgres connection "master"
20:19:14.499748 [debug] [MainThread]: On master: COMMIT
20:19:14.579323 [debug] [MainThread]: SQL status: COMMIT in 0.08 seconds
20:19:14.580324 [debug] [MainThread]: On master: Close
20:19:14.580324 [info ] [MainThread]: 
20:19:14.581324 [info ] [MainThread]: Finished running 1 table model, 1 view model in 3.73s.
20:19:14.581324 [debug] [MainThread]: Connection 'master' was properly closed.
20:19:14.582324 [debug] [MainThread]: Connection 'list_portfolio_website' was properly closed.
20:19:14.582324 [debug] [MainThread]: Connection 'list_portfolio_website_raw' was properly closed.
20:19:14.582324 [debug] [MainThread]: Connection 'model.satellite_tracker.my_first_dbt_model' was properly closed.
20:19:14.586324 [info ] [MainThread]: 
20:19:14.586324 [info ] [MainThread]: [31mCompleted with 1 error and 0 warnings:[0m
20:19:14.587324 [info ] [MainThread]: 
20:19:14.587324 [error] [MainThread]: [33mDatabase Error in model my_first_dbt_model (models\example\my_first_dbt_model.sql)[0m
20:19:14.587324 [error] [MainThread]:   permission denied for schema raw
20:19:14.588323 [error] [MainThread]:   compiled SQL at target\run\satellite_tracker\models\example\my_first_dbt_model.sql
20:19:14.588323 [info ] [MainThread]: 
20:19:14.588323 [info ] [MainThread]: Done. PASS=0 WARN=0 ERROR=1 SKIP=1 TOTAL=2
20:19:14.589324 [debug] [MainThread]: Sending event: {'category': 'dbt', 'action': 'invocation', 'label': 'end', 'context': [<snowplow_tracker.self_describing_json.SelfDescribingJson object at 0x00000252FE3BF970>, <snowplow_tracker.self_describing_json.SelfDescribingJson object at 0x00000252FE3BF340>, <snowplow_tracker.self_describing_json.SelfDescribingJson object at 0x00000252FE3BC2E0>]}


============================== 2022-07-04 20:56:16.602374 | 067e00bf-fc06-4f6c-8fb5-b72cd04b1a84 ==============================
20:56:16.602374 [info ] [MainThread]: Running with dbt=1.1.1
20:56:16.603374 [debug] [MainThread]: running dbt with arguments {'write_json': True, 'use_colors': True, 'printer_width': 80, 'version_check': True, 'partial_parse': True, 'static_parser': True, 'profiles_dir': 'C:\\Users\\Matt\\.dbt', 'send_anonymous_usage_stats': True, 'event_buffer_size': 100000, 'quiet': False, 'no_print': False, 'which': 'run', 'rpc_method': 'run', 'indirect_selection': 'eager'}
20:56:16.603374 [debug] [MainThread]: Tracking: tracking
20:56:16.611374 [debug] [MainThread]: Sending event: {'category': 'dbt', 'action': 'invocation', 'label': 'start', 'context': [<snowplow_tracker.self_describing_json.SelfDescribingJson object at 0x0000015AA3180310>, <snowplow_tracker.self_describing_json.SelfDescribingJson object at 0x0000015AA317EFE0>, <snowplow_tracker.self_describing_json.SelfDescribingJson object at 0x0000015AA317F1F0>]}
20:56:16.640374 [debug] [MainThread]: Partial parsing enabled: 0 files deleted, 0 files added, 0 files changed.
20:56:16.640374 [debug] [MainThread]: Partial parsing enabled, no changes found, skipping parsing
20:56:16.645374 [debug] [MainThread]: Sending event: {'category': 'dbt', 'action': 'load_project', 'label': '067e00bf-fc06-4f6c-8fb5-b72cd04b1a84', 'context': [<snowplow_tracker.self_describing_json.SelfDescribingJson object at 0x0000015AA32940D0>]}
20:56:16.648375 [debug] [MainThread]: Sending event: {'category': 'dbt', 'action': 'resource_counts', 'label': '067e00bf-fc06-4f6c-8fb5-b72cd04b1a84', 'context': [<snowplow_tracker.self_describing_json.SelfDescribingJson object at 0x0000015AA325FEB0>]}
20:56:16.648375 [info ] [MainThread]: Found 2 models, 4 tests, 0 snapshots, 0 analyses, 167 macros, 0 operations, 0 seed files, 0 sources, 0 exposures, 0 metrics
20:56:16.649374 [debug] [MainThread]: Sending event: {'category': 'dbt', 'action': 'runnable_timing', 'label': '067e00bf-fc06-4f6c-8fb5-b72cd04b1a84', 'context': [<snowplow_tracker.self_describing_json.SelfDescribingJson object at 0x0000015AA325FD60>]}
20:56:16.650374 [info ] [MainThread]: 
20:56:16.651374 [debug] [MainThread]: Acquiring new postgres connection "master"
20:56:16.652374 [debug] [ThreadPool]: Acquiring new postgres connection "list_portfolio_website"
20:56:16.658374 [debug] [ThreadPool]: Using postgres connection "list_portfolio_website"
20:56:16.658374 [debug] [ThreadPool]: On list_portfolio_website: /* {"app": "dbt", "dbt_version": "1.1.1", "profile_name": "satellite_tracker", "target_name": "dev", "connection_name": "list_portfolio_website"} */

    select distinct nspname from pg_namespace
  
20:56:16.659374 [debug] [ThreadPool]: Opening a new connection, currently in state init
20:56:17.299390 [debug] [ThreadPool]: SQL status: SELECT 6 in 0.64 seconds
20:56:17.300408 [debug] [ThreadPool]: On list_portfolio_website: Close
20:56:17.301398 [debug] [ThreadPool]: Acquiring new postgres connection "list_portfolio_website_raw"
20:56:17.304397 [debug] [ThreadPool]: Using postgres connection "list_portfolio_website_raw"
20:56:17.305397 [debug] [ThreadPool]: On list_portfolio_website_raw: BEGIN
20:56:17.305397 [debug] [ThreadPool]: Opening a new connection, currently in state init
20:56:17.897373 [debug] [ThreadPool]: SQL status: BEGIN in 0.59 seconds
20:56:17.897373 [debug] [ThreadPool]: Using postgres connection "list_portfolio_website_raw"
20:56:17.897373 [debug] [ThreadPool]: On list_portfolio_website_raw: /* {"app": "dbt", "dbt_version": "1.1.1", "profile_name": "satellite_tracker", "target_name": "dev", "connection_name": "list_portfolio_website_raw"} */
select
      'portfolio_website' as database,
      tablename as name,
      schemaname as schema,
      'table' as type
    from pg_tables
    where schemaname ilike 'raw'
    union all
    select
      'portfolio_website' as database,
      viewname as name,
      schemaname as schema,
      'view' as type
    from pg_views
    where schemaname ilike 'raw'
  
20:56:17.970042 [debug] [ThreadPool]: SQL status: SELECT 3 in 0.07 seconds
20:56:17.971066 [debug] [ThreadPool]: On list_portfolio_website_raw: ROLLBACK
20:56:18.039896 [debug] [ThreadPool]: On list_portfolio_website_raw: Close
20:56:18.041908 [debug] [MainThread]: Using postgres connection "master"
20:56:18.042907 [debug] [MainThread]: On master: BEGIN
20:56:18.042907 [debug] [MainThread]: Opening a new connection, currently in state init
20:56:18.644595 [debug] [MainThread]: SQL status: BEGIN in 0.6 seconds
20:56:18.644595 [debug] [MainThread]: Using postgres connection "master"
20:56:18.644595 [debug] [MainThread]: On master: /* {"app": "dbt", "dbt_version": "1.1.1", "profile_name": "satellite_tracker", "target_name": "dev", "connection_name": "master"} */
with relation as (
        select
            pg_rewrite.ev_class as class,
            pg_rewrite.oid as id
        from pg_rewrite
    ),
    class as (
        select
            oid as id,
            relname as name,
            relnamespace as schema,
            relkind as kind
        from pg_class
    ),
    dependency as (
        select distinct
            pg_depend.objid as id,
            pg_depend.refobjid as ref
        from pg_depend
    ),
    schema as (
        select
            pg_namespace.oid as id,
            pg_namespace.nspname as name
        from pg_namespace
        where nspname != 'information_schema' and nspname not like 'pg\_%'
    ),
    referenced as (
        select
            relation.id AS id,
            referenced_class.name ,
            referenced_class.schema ,
            referenced_class.kind
        from relation
        join class as referenced_class on relation.class=referenced_class.id
        where referenced_class.kind in ('r', 'v')
    ),
    relationships as (
        select
            referenced.name as referenced_name,
            referenced.schema as referenced_schema_id,
            dependent_class.name as dependent_name,
            dependent_class.schema as dependent_schema_id,
            referenced.kind as kind
        from referenced
        join dependency on referenced.id=dependency.id
        join class as dependent_class on dependency.ref=dependent_class.id
        where
            (referenced.name != dependent_class.name or
             referenced.schema != dependent_class.schema)
    )

    select
        referenced_schema.name as referenced_schema,
        relationships.referenced_name as referenced_name,
        dependent_schema.name as dependent_schema,
        relationships.dependent_name as dependent_name
    from relationships
    join schema as dependent_schema on relationships.dependent_schema_id=dependent_schema.id
    join schema as referenced_schema on relationships.referenced_schema_id=referenced_schema.id
    group by referenced_schema, referenced_name, dependent_schema, dependent_name
    order by referenced_schema, referenced_name, dependent_schema, dependent_name;
20:56:18.724273 [debug] [MainThread]: SQL status: SELECT 0 in 0.08 seconds
20:56:18.724273 [debug] [MainThread]: Sending event: {'category': 'dbt', 'action': 'runnable_timing', 'label': '067e00bf-fc06-4f6c-8fb5-b72cd04b1a84', 'context': [<snowplow_tracker.self_describing_json.SelfDescribingJson object at 0x0000015AA32F0A00>]}
20:56:18.725294 [debug] [MainThread]: On master: ROLLBACK
20:56:18.798363 [debug] [MainThread]: Using postgres connection "master"
20:56:18.798363 [debug] [MainThread]: On master: BEGIN
20:56:18.942369 [debug] [MainThread]: SQL status: BEGIN in 0.14 seconds
20:56:18.942369 [debug] [MainThread]: On master: COMMIT
20:56:18.942369 [debug] [MainThread]: Using postgres connection "master"
20:56:18.943392 [debug] [MainThread]: On master: COMMIT
20:56:19.015618 [debug] [MainThread]: SQL status: COMMIT in 0.07 seconds
20:56:19.016618 [debug] [MainThread]: On master: Close
20:56:19.016618 [info ] [MainThread]: Concurrency: 5 threads (target='dev')
20:56:19.017618 [info ] [MainThread]: 
20:56:19.021618 [debug] [Thread-1 (]: Began running node model.satellite_tracker.my_first_dbt_model
20:56:19.021618 [info ] [Thread-1 (]: 1 of 2 START table model raw.my_first_dbt_model ................................ [RUN]
20:56:19.022619 [debug] [Thread-1 (]: Acquiring new postgres connection "model.satellite_tracker.my_first_dbt_model"
20:56:19.022619 [debug] [Thread-1 (]: Began compiling node model.satellite_tracker.my_first_dbt_model
20:56:19.022619 [debug] [Thread-1 (]: Compiling model.satellite_tracker.my_first_dbt_model
20:56:19.024621 [debug] [Thread-1 (]: Writing injected SQL for node "model.satellite_tracker.my_first_dbt_model"
20:56:19.024621 [debug] [Thread-1 (]: finished collecting timing info
20:56:19.024621 [debug] [Thread-1 (]: Began executing node model.satellite_tracker.my_first_dbt_model
20:56:19.041618 [debug] [Thread-1 (]: Writing runtime SQL for node "model.satellite_tracker.my_first_dbt_model"
20:56:19.042618 [debug] [Thread-1 (]: Using postgres connection "model.satellite_tracker.my_first_dbt_model"
20:56:19.042618 [debug] [Thread-1 (]: On model.satellite_tracker.my_first_dbt_model: BEGIN
20:56:19.043618 [debug] [Thread-1 (]: Opening a new connection, currently in state init
20:56:19.617271 [debug] [Thread-1 (]: SQL status: BEGIN in 0.57 seconds
20:56:19.617271 [debug] [Thread-1 (]: Using postgres connection "model.satellite_tracker.my_first_dbt_model"
20:56:19.617271 [debug] [Thread-1 (]: On model.satellite_tracker.my_first_dbt_model: /* {"app": "dbt", "dbt_version": "1.1.1", "profile_name": "satellite_tracker", "target_name": "dev", "node_id": "model.satellite_tracker.my_first_dbt_model"} */


  create  table "portfolio_website"."raw"."my_first_dbt_model__dbt_tmp"
  as (
    /*
    Welcome to your first dbt model!
    Did you know that you can also configure models directly within SQL files?
    This will override configurations stated in dbt_project.yml

    Try changing "table" to "view" below
*/



with source_data as (

    select 1 as id
    union all
    select null as id

)

select *
from source_data

/*
    Uncomment the line below to remove records with null `id` values
*/

-- where id is not null
  );
20:56:19.688249 [debug] [Thread-1 (]: Postgres adapter: Postgres error: permission denied for schema raw

20:56:19.688249 [debug] [Thread-1 (]: On model.satellite_tracker.my_first_dbt_model: ROLLBACK
20:56:19.756410 [debug] [Thread-1 (]: finished collecting timing info
20:56:19.756410 [debug] [Thread-1 (]: On model.satellite_tracker.my_first_dbt_model: Close
20:56:19.757411 [debug] [Thread-1 (]: Database Error in model my_first_dbt_model (models\example\my_first_dbt_model.sql)
  permission denied for schema raw
  compiled SQL at target\run\satellite_tracker\models\example\my_first_dbt_model.sql
20:56:19.757411 [debug] [Thread-1 (]: Sending event: {'category': 'dbt', 'action': 'run_model', 'label': '067e00bf-fc06-4f6c-8fb5-b72cd04b1a84', 'context': [<snowplow_tracker.self_describing_json.SelfDescribingJson object at 0x0000015AA3326DD0>]}
20:56:19.758411 [error] [Thread-1 (]: 1 of 2 ERROR creating table model raw.my_first_dbt_model ....................... [[31mERROR[0m in 0.73s]
20:56:19.758411 [debug] [Thread-1 (]: Finished running node model.satellite_tracker.my_first_dbt_model
20:56:19.759411 [debug] [Thread-3 (]: Began running node model.satellite_tracker.my_second_dbt_model
20:56:19.759411 [info ] [Thread-3 (]: 2 of 2 SKIP relation raw.my_second_dbt_model ................................... [[33mSKIP[0m]
20:56:19.760411 [debug] [Thread-3 (]: Finished running node model.satellite_tracker.my_second_dbt_model
20:56:19.760411 [debug] [MainThread]: Acquiring new postgres connection "master"
20:56:19.761411 [debug] [MainThread]: Using postgres connection "master"
20:56:19.761411 [debug] [MainThread]: On master: BEGIN
20:56:19.761411 [debug] [MainThread]: Opening a new connection, currently in state closed
20:56:20.349669 [debug] [MainThread]: SQL status: BEGIN in 0.59 seconds
20:56:20.349669 [debug] [MainThread]: On master: COMMIT
20:56:20.350669 [debug] [MainThread]: Using postgres connection "master"
20:56:20.350669 [debug] [MainThread]: On master: COMMIT
20:56:20.422525 [debug] [MainThread]: SQL status: COMMIT in 0.07 seconds
20:56:20.423525 [debug] [MainThread]: On master: Close
20:56:20.423525 [info ] [MainThread]: 
20:56:20.424525 [info ] [MainThread]: Finished running 1 table model, 1 view model in 3.77s.
20:56:20.424525 [debug] [MainThread]: Connection 'master' was properly closed.
20:56:20.424525 [debug] [MainThread]: Connection 'list_portfolio_website' was properly closed.
20:56:20.425525 [debug] [MainThread]: Connection 'list_portfolio_website_raw' was properly closed.
20:56:20.425525 [debug] [MainThread]: Connection 'model.satellite_tracker.my_first_dbt_model' was properly closed.
20:56:20.429524 [info ] [MainThread]: 
20:56:20.429524 [info ] [MainThread]: [31mCompleted with 1 error and 0 warnings:[0m
20:56:20.430524 [info ] [MainThread]: 
20:56:20.430524 [error] [MainThread]: [33mDatabase Error in model my_first_dbt_model (models\example\my_first_dbt_model.sql)[0m
20:56:20.431526 [error] [MainThread]:   permission denied for schema raw
20:56:20.431526 [error] [MainThread]:   compiled SQL at target\run\satellite_tracker\models\example\my_first_dbt_model.sql
20:56:20.432525 [info ] [MainThread]: 
20:56:20.432525 [info ] [MainThread]: Done. PASS=0 WARN=0 ERROR=1 SKIP=1 TOTAL=2
20:56:20.432525 [debug] [MainThread]: Sending event: {'category': 'dbt', 'action': 'invocation', 'label': 'end', 'context': [<snowplow_tracker.self_describing_json.SelfDescribingJson object at 0x0000015AA32DFBB0>, <snowplow_tracker.self_describing_json.SelfDescribingJson object at 0x0000015AA32DF9D0>, <snowplow_tracker.self_describing_json.SelfDescribingJson object at 0x0000015AA32DC2E0>]}


============================== 2022-07-04 20:57:01.193184 | 36910077-5b7f-444b-9b15-47ab1073c8a5 ==============================
20:57:01.193184 [info ] [MainThread]: Running with dbt=1.1.1
20:57:01.193184 [debug] [MainThread]: running dbt with arguments {'write_json': True, 'use_colors': True, 'printer_width': 80, 'version_check': True, 'partial_parse': True, 'static_parser': True, 'profiles_dir': 'C:\\Users\\Matt\\.dbt', 'send_anonymous_usage_stats': True, 'event_buffer_size': 100000, 'quiet': False, 'no_print': False, 'which': 'run', 'rpc_method': 'run', 'indirect_selection': 'eager'}
20:57:01.194184 [debug] [MainThread]: Tracking: tracking
20:57:01.202184 [debug] [MainThread]: Sending event: {'category': 'dbt', 'action': 'invocation', 'label': 'start', 'context': [<snowplow_tracker.self_describing_json.SelfDescribingJson object at 0x0000020114C52200>, <snowplow_tracker.self_describing_json.SelfDescribingJson object at 0x0000020114C4EFE0>, <snowplow_tracker.self_describing_json.SelfDescribingJson object at 0x0000020114C4F250>]}
20:57:01.212184 [info ] [MainThread]: Unable to do partial parsing because profile has changed
20:57:01.213184 [debug] [MainThread]: Sending event: {'category': 'dbt', 'action': 'partial_parser', 'label': '36910077-5b7f-444b-9b15-47ab1073c8a5', 'context': [<snowplow_tracker.self_describing_json.SelfDescribingJson object at 0x0000020114C52230>]}
20:57:01.233184 [debug] [MainThread]: Parsing macros\adapters.sql
20:57:01.247184 [debug] [MainThread]: Parsing macros\catalog.sql
20:57:01.248184 [debug] [MainThread]: Parsing macros\relations.sql
20:57:01.249184 [debug] [MainThread]: Parsing macros\materializations\snapshot_merge.sql
20:57:01.250184 [debug] [MainThread]: Parsing macros\adapters\columns.sql
20:57:01.256184 [debug] [MainThread]: Parsing macros\adapters\freshness.sql
20:57:01.258186 [debug] [MainThread]: Parsing macros\adapters\indexes.sql
20:57:01.260184 [debug] [MainThread]: Parsing macros\adapters\metadata.sql
20:57:01.264184 [debug] [MainThread]: Parsing macros\adapters\persist_docs.sql
20:57:01.267184 [debug] [MainThread]: Parsing macros\adapters\relation.sql
20:57:01.272184 [debug] [MainThread]: Parsing macros\adapters\schema.sql
20:57:01.274184 [debug] [MainThread]: Parsing macros\etc\datetime.sql
20:57:01.279184 [debug] [MainThread]: Parsing macros\etc\statement.sql
20:57:01.281185 [debug] [MainThread]: Parsing macros\generic_test_sql\accepted_values.sql
20:57:01.282185 [debug] [MainThread]: Parsing macros\generic_test_sql\not_null.sql
20:57:01.283185 [debug] [MainThread]: Parsing macros\generic_test_sql\relationships.sql
20:57:01.284185 [debug] [MainThread]: Parsing macros\generic_test_sql\unique.sql
20:57:01.284185 [debug] [MainThread]: Parsing macros\get_custom_name\get_custom_alias.sql
20:57:01.285185 [debug] [MainThread]: Parsing macros\get_custom_name\get_custom_database.sql
20:57:01.286185 [debug] [MainThread]: Parsing macros\get_custom_name\get_custom_schema.sql
20:57:01.288184 [debug] [MainThread]: Parsing macros\materializations\configs.sql
20:57:01.290184 [debug] [MainThread]: Parsing macros\materializations\hooks.sql
20:57:01.292184 [debug] [MainThread]: Parsing macros\materializations\models\incremental\column_helpers.sql
20:57:01.295184 [debug] [MainThread]: Parsing macros\materializations\models\incremental\incremental.sql
20:57:01.302184 [debug] [MainThread]: Parsing macros\materializations\models\incremental\is_incremental.sql
20:57:01.303184 [debug] [MainThread]: Parsing macros\materializations\models\incremental\merge.sql
20:57:01.313184 [debug] [MainThread]: Parsing macros\materializations\models\incremental\on_schema_change.sql
20:57:01.321184 [debug] [MainThread]: Parsing macros\materializations\models\table\create_table_as.sql
20:57:01.323184 [debug] [MainThread]: Parsing macros\materializations\models\table\table.sql
20:57:01.327184 [debug] [MainThread]: Parsing macros\materializations\models\view\create_or_replace_view.sql
20:57:01.329184 [debug] [MainThread]: Parsing macros\materializations\models\view\create_view_as.sql
20:57:01.331184 [debug] [MainThread]: Parsing macros\materializations\models\view\helpers.sql
20:57:01.332184 [debug] [MainThread]: Parsing macros\materializations\models\view\view.sql
20:57:01.336184 [debug] [MainThread]: Parsing macros\materializations\seeds\helpers.sql
20:57:01.346184 [debug] [MainThread]: Parsing macros\materializations\seeds\seed.sql
20:57:01.350184 [debug] [MainThread]: Parsing macros\materializations\snapshots\helpers.sql
20:57:01.358184 [debug] [MainThread]: Parsing macros\materializations\snapshots\snapshot.sql
20:57:01.364184 [debug] [MainThread]: Parsing macros\materializations\snapshots\snapshot_merge.sql
20:57:01.365184 [debug] [MainThread]: Parsing macros\materializations\snapshots\strategies.sql
20:57:01.375184 [debug] [MainThread]: Parsing macros\materializations\tests\helpers.sql
20:57:01.376184 [debug] [MainThread]: Parsing macros\materializations\tests\test.sql
20:57:01.380184 [debug] [MainThread]: Parsing macros\materializations\tests\where_subquery.sql
20:57:01.381184 [debug] [MainThread]: Parsing tests\generic\builtin.sql
20:57:01.485184 [debug] [MainThread]: 1699: static parser successfully parsed example\my_first_dbt_model.sql
20:57:01.492184 [debug] [MainThread]: 1699: static parser successfully parsed example\my_second_dbt_model.sql
20:57:01.519184 [debug] [MainThread]: Sending event: {'category': 'dbt', 'action': 'load_project', 'label': '36910077-5b7f-444b-9b15-47ab1073c8a5', 'context': [<snowplow_tracker.self_describing_json.SelfDescribingJson object at 0x0000020114D6E440>]}
20:57:01.522184 [debug] [MainThread]: Sending event: {'category': 'dbt', 'action': 'resource_counts', 'label': '36910077-5b7f-444b-9b15-47ab1073c8a5', 'context': [<snowplow_tracker.self_describing_json.SelfDescribingJson object at 0x0000020114D8F100>]}
20:57:01.522184 [info ] [MainThread]: Found 2 models, 4 tests, 0 snapshots, 0 analyses, 167 macros, 0 operations, 0 seed files, 0 sources, 0 exposures, 0 metrics
20:57:01.523184 [debug] [MainThread]: Sending event: {'category': 'dbt', 'action': 'runnable_timing', 'label': '36910077-5b7f-444b-9b15-47ab1073c8a5', 'context': [<snowplow_tracker.self_describing_json.SelfDescribingJson object at 0x0000020114C52200>]}
20:57:01.524185 [info ] [MainThread]: 
20:57:01.524185 [debug] [MainThread]: Acquiring new postgres connection "master"
20:57:01.525184 [debug] [ThreadPool]: Acquiring new postgres connection "list_portfolio_website"
20:57:01.531184 [debug] [ThreadPool]: Using postgres connection "list_portfolio_website"
20:57:01.531184 [debug] [ThreadPool]: On list_portfolio_website: /* {"app": "dbt", "dbt_version": "1.1.1", "profile_name": "satellite_tracker", "target_name": "dev", "connection_name": "list_portfolio_website"} */

    select distinct nspname from pg_namespace
  
20:57:01.532185 [debug] [ThreadPool]: Opening a new connection, currently in state init
20:57:02.149642 [debug] [ThreadPool]: SQL status: SELECT 6 in 0.62 seconds
20:57:02.149850 [debug] [ThreadPool]: On list_portfolio_website: Close
20:57:02.151820 [debug] [ThreadPool]: Acquiring new postgres connection "list_portfolio_website_analytics"
20:57:02.154844 [debug] [ThreadPool]: Using postgres connection "list_portfolio_website_analytics"
20:57:02.154844 [debug] [ThreadPool]: On list_portfolio_website_analytics: BEGIN
20:57:02.155838 [debug] [ThreadPool]: Opening a new connection, currently in state init
20:57:02.754763 [debug] [ThreadPool]: SQL status: BEGIN in 0.6 seconds
20:57:02.755764 [debug] [ThreadPool]: Using postgres connection "list_portfolio_website_analytics"
20:57:02.755764 [debug] [ThreadPool]: On list_portfolio_website_analytics: /* {"app": "dbt", "dbt_version": "1.1.1", "profile_name": "satellite_tracker", "target_name": "dev", "connection_name": "list_portfolio_website_analytics"} */
select
      'portfolio_website' as database,
      tablename as name,
      schemaname as schema,
      'table' as type
    from pg_tables
    where schemaname ilike 'analytics'
    union all
    select
      'portfolio_website' as database,
      viewname as name,
      schemaname as schema,
      'view' as type
    from pg_views
    where schemaname ilike 'analytics'
  
20:57:02.839202 [debug] [ThreadPool]: SQL status: SELECT 0 in 0.08 seconds
20:57:02.840208 [debug] [ThreadPool]: On list_portfolio_website_analytics: ROLLBACK
20:57:02.918521 [debug] [ThreadPool]: On list_portfolio_website_analytics: Close
20:57:02.920544 [debug] [MainThread]: Using postgres connection "master"
20:57:02.921544 [debug] [MainThread]: On master: BEGIN
20:57:02.921544 [debug] [MainThread]: Opening a new connection, currently in state init
20:57:03.545625 [debug] [MainThread]: SQL status: BEGIN in 0.62 seconds
20:57:03.545625 [debug] [MainThread]: Using postgres connection "master"
20:57:03.545625 [debug] [MainThread]: On master: /* {"app": "dbt", "dbt_version": "1.1.1", "profile_name": "satellite_tracker", "target_name": "dev", "connection_name": "master"} */
with relation as (
        select
            pg_rewrite.ev_class as class,
            pg_rewrite.oid as id
        from pg_rewrite
    ),
    class as (
        select
            oid as id,
            relname as name,
            relnamespace as schema,
            relkind as kind
        from pg_class
    ),
    dependency as (
        select distinct
            pg_depend.objid as id,
            pg_depend.refobjid as ref
        from pg_depend
    ),
    schema as (
        select
            pg_namespace.oid as id,
            pg_namespace.nspname as name
        from pg_namespace
        where nspname != 'information_schema' and nspname not like 'pg\_%'
    ),
    referenced as (
        select
            relation.id AS id,
            referenced_class.name ,
            referenced_class.schema ,
            referenced_class.kind
        from relation
        join class as referenced_class on relation.class=referenced_class.id
        where referenced_class.kind in ('r', 'v')
    ),
    relationships as (
        select
            referenced.name as referenced_name,
            referenced.schema as referenced_schema_id,
            dependent_class.name as dependent_name,
            dependent_class.schema as dependent_schema_id,
            referenced.kind as kind
        from referenced
        join dependency on referenced.id=dependency.id
        join class as dependent_class on dependency.ref=dependent_class.id
        where
            (referenced.name != dependent_class.name or
             referenced.schema != dependent_class.schema)
    )

    select
        referenced_schema.name as referenced_schema,
        relationships.referenced_name as referenced_name,
        dependent_schema.name as dependent_schema,
        relationships.dependent_name as dependent_name
    from relationships
    join schema as dependent_schema on relationships.dependent_schema_id=dependent_schema.id
    join schema as referenced_schema on relationships.referenced_schema_id=referenced_schema.id
    group by referenced_schema, referenced_name, dependent_schema, dependent_name
    order by referenced_schema, referenced_name, dependent_schema, dependent_name;
20:57:03.628963 [debug] [MainThread]: SQL status: SELECT 0 in 0.08 seconds
20:57:03.630963 [debug] [MainThread]: Sending event: {'category': 'dbt', 'action': 'runnable_timing', 'label': '36910077-5b7f-444b-9b15-47ab1073c8a5', 'context': [<snowplow_tracker.self_describing_json.SelfDescribingJson object at 0x0000020114D62950>]}
20:57:03.630963 [debug] [MainThread]: On master: ROLLBACK
20:57:03.707330 [debug] [MainThread]: Using postgres connection "master"
20:57:03.707330 [debug] [MainThread]: On master: BEGIN
20:57:03.859471 [debug] [MainThread]: SQL status: BEGIN in 0.15 seconds
20:57:03.859471 [debug] [MainThread]: On master: COMMIT
20:57:03.859471 [debug] [MainThread]: Using postgres connection "master"
20:57:03.860495 [debug] [MainThread]: On master: COMMIT
20:57:03.935629 [debug] [MainThread]: SQL status: COMMIT in 0.08 seconds
20:57:03.935629 [debug] [MainThread]: On master: Close
20:57:03.935629 [info ] [MainThread]: Concurrency: 5 threads (target='dev')
20:57:03.936640 [info ] [MainThread]: 
20:57:03.940639 [debug] [Thread-1 (]: Began running node model.satellite_tracker.my_first_dbt_model
20:57:03.940639 [info ] [Thread-1 (]: 1 of 2 START table model analytics.my_first_dbt_model .......................... [RUN]
20:57:03.941639 [debug] [Thread-1 (]: Acquiring new postgres connection "model.satellite_tracker.my_first_dbt_model"
20:57:03.941639 [debug] [Thread-1 (]: Began compiling node model.satellite_tracker.my_first_dbt_model
20:57:03.941639 [debug] [Thread-1 (]: Compiling model.satellite_tracker.my_first_dbt_model
20:57:03.943639 [debug] [Thread-1 (]: Writing injected SQL for node "model.satellite_tracker.my_first_dbt_model"
20:57:03.943639 [debug] [Thread-1 (]: finished collecting timing info
20:57:03.943639 [debug] [Thread-1 (]: Began executing node model.satellite_tracker.my_first_dbt_model
20:57:03.960640 [debug] [Thread-1 (]: Writing runtime SQL for node "model.satellite_tracker.my_first_dbt_model"
20:57:03.960640 [debug] [Thread-1 (]: Using postgres connection "model.satellite_tracker.my_first_dbt_model"
20:57:03.960640 [debug] [Thread-1 (]: On model.satellite_tracker.my_first_dbt_model: BEGIN
20:57:03.961639 [debug] [Thread-1 (]: Opening a new connection, currently in state init
20:57:04.576014 [debug] [Thread-1 (]: SQL status: BEGIN in 0.61 seconds
20:57:04.576014 [debug] [Thread-1 (]: Using postgres connection "model.satellite_tracker.my_first_dbt_model"
20:57:04.576014 [debug] [Thread-1 (]: On model.satellite_tracker.my_first_dbt_model: /* {"app": "dbt", "dbt_version": "1.1.1", "profile_name": "satellite_tracker", "target_name": "dev", "node_id": "model.satellite_tracker.my_first_dbt_model"} */


  create  table "portfolio_website"."analytics"."my_first_dbt_model__dbt_tmp"
  as (
    /*
    Welcome to your first dbt model!
    Did you know that you can also configure models directly within SQL files?
    This will override configurations stated in dbt_project.yml

    Try changing "table" to "view" below
*/



with source_data as (

    select 1 as id
    union all
    select null as id

)

select *
from source_data

/*
    Uncomment the line below to remove records with null `id` values
*/

-- where id is not null
  );
20:57:04.660671 [debug] [Thread-1 (]: SQL status: SELECT 2 in 0.08 seconds
20:57:04.664671 [debug] [Thread-1 (]: Using postgres connection "model.satellite_tracker.my_first_dbt_model"
20:57:04.664671 [debug] [Thread-1 (]: On model.satellite_tracker.my_first_dbt_model: /* {"app": "dbt", "dbt_version": "1.1.1", "profile_name": "satellite_tracker", "target_name": "dev", "node_id": "model.satellite_tracker.my_first_dbt_model"} */
alter table "portfolio_website"."analytics"."my_first_dbt_model__dbt_tmp" rename to "my_first_dbt_model"
20:57:04.738320 [debug] [Thread-1 (]: SQL status: ALTER TABLE in 0.07 seconds
20:57:04.745320 [debug] [Thread-1 (]: On model.satellite_tracker.my_first_dbt_model: COMMIT
20:57:04.745320 [debug] [Thread-1 (]: Using postgres connection "model.satellite_tracker.my_first_dbt_model"
20:57:04.746323 [debug] [Thread-1 (]: On model.satellite_tracker.my_first_dbt_model: COMMIT
20:57:04.819590 [debug] [Thread-1 (]: SQL status: COMMIT in 0.07 seconds
20:57:04.822613 [debug] [Thread-1 (]: Using postgres connection "model.satellite_tracker.my_first_dbt_model"
20:57:04.822613 [debug] [Thread-1 (]: On model.satellite_tracker.my_first_dbt_model: /* {"app": "dbt", "dbt_version": "1.1.1", "profile_name": "satellite_tracker", "target_name": "dev", "node_id": "model.satellite_tracker.my_first_dbt_model"} */
drop table if exists "portfolio_website"."analytics"."my_first_dbt_model__dbt_backup" cascade
20:57:04.896106 [debug] [Thread-1 (]: SQL status: DROP TABLE in 0.07 seconds
20:57:04.897105 [debug] [Thread-1 (]: finished collecting timing info
20:57:04.897105 [debug] [Thread-1 (]: On model.satellite_tracker.my_first_dbt_model: Close
20:57:04.898105 [debug] [Thread-1 (]: Sending event: {'category': 'dbt', 'action': 'run_model', 'label': '36910077-5b7f-444b-9b15-47ab1073c8a5', 'context': [<snowplow_tracker.self_describing_json.SelfDescribingJson object at 0x0000020114C94790>]}
20:57:04.898105 [info ] [Thread-1 (]: 1 of 2 OK created table model analytics.my_first_dbt_model ..................... [[32mSELECT 2[0m in 0.96s]
20:57:04.899104 [debug] [Thread-1 (]: Finished running node model.satellite_tracker.my_first_dbt_model
20:57:04.899104 [debug] [Thread-3 (]: Began running node model.satellite_tracker.my_second_dbt_model
20:57:04.899104 [info ] [Thread-3 (]: 2 of 2 START view model analytics.my_second_dbt_model .......................... [RUN]
20:57:04.900104 [debug] [Thread-3 (]: Acquiring new postgres connection "model.satellite_tracker.my_second_dbt_model"
20:57:04.900104 [debug] [Thread-3 (]: Began compiling node model.satellite_tracker.my_second_dbt_model
20:57:04.901105 [debug] [Thread-3 (]: Compiling model.satellite_tracker.my_second_dbt_model
20:57:04.902105 [debug] [Thread-3 (]: Writing injected SQL for node "model.satellite_tracker.my_second_dbt_model"
20:57:04.902105 [debug] [Thread-3 (]: finished collecting timing info
20:57:04.903105 [debug] [Thread-3 (]: Began executing node model.satellite_tracker.my_second_dbt_model
20:57:04.913104 [debug] [Thread-3 (]: Writing runtime SQL for node "model.satellite_tracker.my_second_dbt_model"
20:57:04.914105 [debug] [Thread-3 (]: Using postgres connection "model.satellite_tracker.my_second_dbt_model"
20:57:04.914105 [debug] [Thread-3 (]: On model.satellite_tracker.my_second_dbt_model: BEGIN
20:57:04.914105 [debug] [Thread-3 (]: Opening a new connection, currently in state init
20:57:05.525935 [debug] [Thread-3 (]: SQL status: BEGIN in 0.61 seconds
20:57:05.526936 [debug] [Thread-3 (]: Using postgres connection "model.satellite_tracker.my_second_dbt_model"
20:57:05.526936 [debug] [Thread-3 (]: On model.satellite_tracker.my_second_dbt_model: /* {"app": "dbt", "dbt_version": "1.1.1", "profile_name": "satellite_tracker", "target_name": "dev", "node_id": "model.satellite_tracker.my_second_dbt_model"} */

  create view "portfolio_website"."analytics"."my_second_dbt_model__dbt_tmp" as (
    -- Use the `ref` function to select from other models

select *
from "portfolio_website"."analytics"."my_first_dbt_model"
where id = 1
  );
20:57:05.605237 [debug] [Thread-3 (]: SQL status: CREATE VIEW in 0.08 seconds
20:57:05.607237 [debug] [Thread-3 (]: Using postgres connection "model.satellite_tracker.my_second_dbt_model"
20:57:05.607237 [debug] [Thread-3 (]: On model.satellite_tracker.my_second_dbt_model: /* {"app": "dbt", "dbt_version": "1.1.1", "profile_name": "satellite_tracker", "target_name": "dev", "node_id": "model.satellite_tracker.my_second_dbt_model"} */
alter table "portfolio_website"."analytics"."my_second_dbt_model__dbt_tmp" rename to "my_second_dbt_model"
20:57:05.680534 [debug] [Thread-3 (]: SQL status: ALTER TABLE in 0.07 seconds
20:57:05.681546 [debug] [Thread-3 (]: On model.satellite_tracker.my_second_dbt_model: COMMIT
20:57:05.681546 [debug] [Thread-3 (]: Using postgres connection "model.satellite_tracker.my_second_dbt_model"
20:57:05.681546 [debug] [Thread-3 (]: On model.satellite_tracker.my_second_dbt_model: COMMIT
20:57:05.755107 [debug] [Thread-3 (]: SQL status: COMMIT in 0.07 seconds
20:57:05.756131 [debug] [Thread-3 (]: Using postgres connection "model.satellite_tracker.my_second_dbt_model"
20:57:05.756131 [debug] [Thread-3 (]: On model.satellite_tracker.my_second_dbt_model: /* {"app": "dbt", "dbt_version": "1.1.1", "profile_name": "satellite_tracker", "target_name": "dev", "node_id": "model.satellite_tracker.my_second_dbt_model"} */
drop view if exists "portfolio_website"."analytics"."my_second_dbt_model__dbt_backup" cascade
20:57:05.828843 [debug] [Thread-3 (]: SQL status: DROP VIEW in 0.07 seconds
20:57:05.829854 [debug] [Thread-3 (]: finished collecting timing info
20:57:05.829854 [debug] [Thread-3 (]: On model.satellite_tracker.my_second_dbt_model: Close
20:57:05.830854 [debug] [Thread-3 (]: Sending event: {'category': 'dbt', 'action': 'run_model', 'label': '36910077-5b7f-444b-9b15-47ab1073c8a5', 'context': [<snowplow_tracker.self_describing_json.SelfDescribingJson object at 0x0000020114D534F0>]}
20:57:05.830854 [info ] [Thread-3 (]: 2 of 2 OK created view model analytics.my_second_dbt_model ..................... [[32mCREATE VIEW[0m in 0.93s]
20:57:05.831853 [debug] [Thread-3 (]: Finished running node model.satellite_tracker.my_second_dbt_model
20:57:05.831853 [debug] [MainThread]: Acquiring new postgres connection "master"
20:57:05.832854 [debug] [MainThread]: Using postgres connection "master"
20:57:05.832854 [debug] [MainThread]: On master: BEGIN
20:57:05.832854 [debug] [MainThread]: Opening a new connection, currently in state closed
20:57:06.428866 [debug] [MainThread]: SQL status: BEGIN in 0.6 seconds
20:57:06.429868 [debug] [MainThread]: On master: COMMIT
20:57:06.429868 [debug] [MainThread]: Using postgres connection "master"
20:57:06.429868 [debug] [MainThread]: On master: COMMIT
20:57:06.501343 [debug] [MainThread]: SQL status: COMMIT in 0.07 seconds
20:57:06.501343 [debug] [MainThread]: On master: Close
20:57:06.502343 [info ] [MainThread]: 
20:57:06.502343 [info ] [MainThread]: Finished running 1 table model, 1 view model in 4.98s.
20:57:06.503346 [debug] [MainThread]: Connection 'master' was properly closed.
20:57:06.503346 [debug] [MainThread]: Connection 'list_portfolio_website' was properly closed.
20:57:06.503346 [debug] [MainThread]: Connection 'list_portfolio_website_analytics' was properly closed.
20:57:06.503346 [debug] [MainThread]: Connection 'model.satellite_tracker.my_first_dbt_model' was properly closed.
20:57:06.503346 [debug] [MainThread]: Connection 'model.satellite_tracker.my_second_dbt_model' was properly closed.
20:57:06.507343 [info ] [MainThread]: 
20:57:06.507343 [info ] [MainThread]: [32mCompleted successfully[0m
20:57:06.508343 [info ] [MainThread]: 
20:57:06.509344 [info ] [MainThread]: Done. PASS=2 WARN=0 ERROR=0 SKIP=0 TOTAL=2
20:57:06.509344 [debug] [MainThread]: Sending event: {'category': 'dbt', 'action': 'invocation', 'label': 'end', 'context': [<snowplow_tracker.self_describing_json.SelfDescribingJson object at 0x0000020114D534C0>, <snowplow_tracker.self_describing_json.SelfDescribingJson object at 0x0000020114D63400>, <snowplow_tracker.self_describing_json.SelfDescribingJson object at 0x0000020114D616F0>]}
